src/array.ts(119,60): error TS2322: Type 'NumberToString[{ 1: I; 0: any; }[Matches<N, 0>]]' is not assignable to type 'string'.
src/array.ts(131,55): error TS2322: Type 'NumberToString[{ 1: I; 0: any; }[Matches<N, 0>]]' is not assignable to type 'string'.
src/comp.ts(42,3): error TS2502: '0' is referenced directly or indirectly in its own type annotation.
src/comp.ts(53,3): error TS2502: '0' is referenced directly or indirectly in its own type annotation.
src/comp.ts(64,3): error TS2502: '0' is referenced directly or indirectly in its own type annotation.
src/comp.ts(75,3): error TS2502: '0' is referenced directly or indirectly in its own type annotation.
src/number.ts(30,13): error TS2502: '0' is referenced directly or indirectly in its own type annotation.
src/number.ts(38,13): error TS2502: '0' is referenced directly or indirectly in its own type annotation.
src/number.ts(47,15): error TS2502: '0' is referenced directly or indirectly in its own type annotation.
src/number.ts(56,15): error TS2502: '0' is referenced directly or indirectly in its own type annotation.
src/object.ts(296,23): error TS2304: Cannot find name 'DeepRequiredArray'.
src/ramda.ts(30,37): error TS2536: Type 'R[I]' cannot be used to index type 'T'.
src/ramda.ts(45,49): error TS2322: Type 'R[I][0]' is not assignable to type 'string'.
  Type 'string | number' is not assignable to type 'string'.
    Type 'number' is not assignable to type 'string'.
src/tuple.ts(65,53): error TS2322: Type 'NumberToString[{ 1: I; 0: any; }[Matches<N, 0>]]' is not assignable to type 'string'.
src/tuple.ts(73,53): error TS2322: Type 'NumberToString[{ 1: I; 0: any; }[Matches<N, 0>]]' is not assignable to type 'string'.
tests/array.test.ts(3,119): error TS2307: Cannot find module './array'.
tests/array.test.ts(4,31): error TS2307: Cannot find module './cast'.
tests/array.test.ts(6,7): error TS2339: Property 'stackTraceLimit' does not exist on type 'ErrorConstructor'.
tests/boolean.test.ts(2,22): error TS2307: Cannot find module './util'.
tests/boolean.test.ts(3,106): error TS2307: Cannot find module './boolean'.
tests/boolean.test.ts(4,29): error TS2307: Cannot find module './union'.
tests/boolean.test.ts(42,20): error TS2344: Type 'any' does not satisfy the constraint 'never'.
tests/cast.test.ts(3,79): error TS2307: Cannot find module './cast'.
tests/comp.test.ts(2,72): error TS2307: Cannot find module './comp'.
tests/crap.ts(2,22): error TS2307: Cannot find module './util'.
tests/crap.ts(3,26): error TS2307: Cannot find module './object'.
tests/crap.ts(4,31): error TS2307: Cannot find module './cast'.
tests/crap.ts(33,45): error TS2536: Type '-1' cannot be used to index type 'T'.
tests/crap.ts(35,20): error TS2536: Type '-1' cannot be used to index type 'T'.
tests/crap.ts(45,5): error TS2322: Type '[number, string, string]' is not assignable to type '[number, string]'.
  Types of property 'length' are incompatible.
    Type '3' is not assignable to type '2'.
tests/function.test.ts(2,41): error TS2307: Cannot find module './function'.
tests/index.ts(10,15): error TS2307: Cannot find module './list.test'.
tests/number.test.ts(2,70): error TS2307: Cannot find module './number'.
tests/object.test.ts(2,27): error TS2307: Cannot find module './util'.
tests/object.test.ts(9,20): error TS2307: Cannot find module './object'.
tests/object.test.ts(226,20): error TS2344: Type 'any' does not satisfy the constraint 'never'.
tests/object.test.ts(232,20): error TS2344: Type 'any' does not satisfy the constraint 'never'.
tests/object.test.ts(244,20): error TS2344: Type 'any' does not satisfy the constraint 'never'.
tests/object.test.ts(516,17): error TS2322: Type 'number' is not assignable to type '1'.
tests/ramda.test.ts(2,72): error TS2307: Cannot find module './ramda'.
tests/ramda.test.ts(90,13): error TS2322: Type '0' is not assignable to type 'string'.
tests/ramda.test.ts(98,13): error TS2322: Type '{}' is not assignable to type 'string'.
tests/ramda.test.ts(104,13): error TS2322: Type '{}' is not assignable to type 'string'.
tests/ramda.test.ts(112,13): error TS2322: Type '{}' is not assignable to type 'string'.
tests/ramda.test.ts(118,13): error TS2322: Type 'number' is not assignable to type 'string'.
tests/ramda.test.ts(126,33): error TS2345: Argument of type '(n: number) => number' is not assignable to parameter of type '(x: {}) => number'.
  Types of parameters 'n' and 'x' are incompatible.
    Type '{}' is not assignable to type 'number'.
tests/ramda.test.ts(132,43): error TS2345: Argument of type '(n: number) => number' is not assignable to parameter of type '(x: {}) => number'.
  Types of parameters 'n' and 'x' are incompatible.
    Type '{}' is not assignable to type 'number'.
tests/repros.test.ts(2,21): error TS2307: Cannot find module './boolean'.
tests/repros.test.ts(3,32): error TS2307: Cannot find module './cast'.
tests/tuple.test.ts(2,145): error TS2307: Cannot find module './tuple'.
tests/type.test.ts(2,105): error TS2307: Cannot find module './type'.
tests/type.test.ts(12,20): error TS2344: Type 'any' does not satisfy the constraint 'never'.
tests/type.test.ts(24,20): error TS2344: Type 'any' does not satisfy the constraint 'never'.
tests/union.test.ts(2,21): error TS2307: Cannot find module './util'.
tests/union.test.ts(3,96): error TS2307: Cannot find module './union'.
tests/union.test.ts(4,30): error TS2307: Cannot find module './object'.
tests/union.test.ts(6,21): error TS2307: Cannot find module './boolean'.
tests/util.test.ts(2,39): error TS2307: Cannot find module './util'.
tests/util.test.ts(16,21): error TS2344: Type '123' does not satisfy the constraint 'string'.
tests/util.test.ts(22,20): error TS2344: Type 'string' does not satisfy the constraint 'never'.
